<?xml version="1.0" encoding="UTF-8"?>
<!-- Generated by org.testng.reporters.JUnitReportReporter -->
<testsuite skipped="0" hostname="LAPTOP-0MN3989B" name="com.qa.rediff.testcases.RediffHomePageTest" tests="1" failures="0" timestamp="2020-01-20T14:37:02 IST" time="27.003" errors="0">
  <testcase name="homePageTitleTest" time="27.003" classname="com.qa.rediff.testcases.RediffHomePageTest"/>
</testsuite> <!-- com.qa.rediff.testcases.RediffHomePageTest -->
