<?xml version="1.0" encoding="UTF-8"?>
<!-- Generated by org.testng.reporters.JUnitReportReporter -->
<testsuite skipped="0" hostname="LAPTOP-0MN3989B" name="com.qa.rediff.testcases.RediffLoggedInPageTest" tests="1" failures="0" timestamp="2020-01-20T15:41:32 IST" time="22.716" errors="0">
  <testcase name="verifyUserNameTest" time="22.716" classname="com.qa.rediff.testcases.RediffLoggedInPageTest"/>
</testsuite> <!-- com.qa.rediff.testcases.RediffLoggedInPageTest -->
