<?xml version="1.0" encoding="UTF-8"?>
<!-- Generated by org.testng.reporters.JUnitReportReporter -->
<testsuite skipped="0" hostname="LAPTOP-0MN3989B" name="com.qa.rediff.testcases.RediffLoginTest" tests="3" failures="0" timestamp="2020-01-20T15:41:32 IST" time="32.224" errors="0">
  <testcase name="loginPageTest" time="13.331" classname="com.qa.rediff.testcases.RediffLoginTest"/>
  <testcase name="logoutPageTest" time="13.357" classname="com.qa.rediff.testcases.RediffLoginTest"/>
  <testcase name="loginPageTitleTest" time="5.536" classname="com.qa.rediff.testcases.RediffLoginTest"/>
</testsuite> <!-- com.qa.rediff.testcases.RediffLoginTest -->
